[    57.721] (WW) Failed to open protocol names file /usr/lib64/xorg/protocol.txt
[    57.721] 
X.Org X Server 1.20.1
X Protocol Version 11, Revision 0
[    57.721] Build Operating System:  3.10.0-693.17.1.el7.x86_64 
[    57.721] Current Operating System: Linux localhost 3.10.0-957.el7.x86_64 #1 SMP Thu Nov 8 23:39:32 UTC 2018 x86_64
[    57.721] Kernel command line: initrd=initrd.img inst.stage2=hd:LABEL=CentOS\x207\x20x86_64 rd.live.check quiet BOOT_IMAGE=vmlinuz 
[    57.722] Build Date: 02 November 2018  05:36:09PM
[    57.722] Build ID: xorg-x11-server 1.20.1-3.el7 
[    57.722] Current version of pixman: 0.34.0
[    57.722] 	Before reporting problems, check http://wiki.x.org
	to make sure that you have the latest version.
[    57.722] Markers: (--) probed, (**) from config file, (==) default setting,
	(++) from command line, (!!) notice, (II) informational,
	(WW) warning, (EE) error, (NI) not implemented, (??) unknown.
[    57.722] (++) Log file: "/tmp/X.log", Time: Wed Apr 10 13:14:13 2019
[    57.732] (==) Using config directory: "/etc/X11/xorg.conf.d"
[    57.732] (==) Using system config directory "/usr/share/X11/xorg.conf.d"
[    57.743] (==) No Layout section.  Using the first Screen section.
[    57.743] (==) No screen section available. Using defaults.
[    57.743] (**) |-->Screen "Default Screen Section" (0)
[    57.743] (**) |   |-->Monitor "<default monitor>"
[    57.743] (==) No monitor specified for screen "Default Screen Section".
	Using a default monitor configuration.
[    57.743] (==) Automatically adding devices
[    57.743] (==) Automatically enabling devices
[    57.743] (==) Automatically adding GPU devices
[    57.743] (==) Automatically binding GPU devices
[    57.743] (==) Max clients allowed: 256, resource mask: 0x1fffff
[    57.746] (==) FontPath set to:
	catalogue:/etc/X11/fontpath.d,
	built-ins
[    57.746] (==) ModulePath set to "/usr/lib64/xorg/modules"
[    57.746] (II) The server relies on udev to provide the list of input devices.
	If no devices become available, reconfigure udev or disable AutoAddDevices.
[    57.746] (II) Loader magic: 0x561947edf020
[    57.746] (II) Module ABI versions:
[    57.746] 	X.Org ANSI C Emulation: 0.4
[    57.746] 	X.Org Video Driver: 24.0
[    57.746] 	X.Org XInput driver : 24.1
[    57.746] 	X.Org Server Extension : 10.0
[    57.767] (--) PCI:*(0@0:8:0) 1414:5353:0000:0000 rev 0, Mem @ 0xf8000000/67108864, BIOS @ 0x????????/131072
[    57.767] (II) LoadModule: "glx"
[    57.767] (II) Loading /usr/lib64/xorg/modules/extensions/libglx.so
[    57.901] (II) Module glx: vendor="X.Org Foundation"
[    57.901] 	compiled for 1.20.1, module version = 1.0.0
[    57.901] 	ABI class: X.Org Server Extension, version 10.0
[    57.901] (==) Matched modesetting as autoconfigured driver 0
[    57.901] (==) Matched fbdev as autoconfigured driver 1
[    57.901] (==) Matched vesa as autoconfigured driver 2
[    57.901] (==) Assigned the driver to the xf86ConfigLayout
[    57.901] (II) LoadModule: "modesetting"
[    57.901] (II) Loading /usr/lib64/xorg/modules/drivers/modesetting_drv.so
[    57.906] (II) Module modesetting: vendor="X.Org Foundation"
[    57.906] 	compiled for 1.20.1, module version = 1.20.1
[    57.906] 	Module class: X.Org Video Driver
[    57.906] 	ABI class: X.Org Video Driver, version 24.0
[    57.906] (II) LoadModule: "fbdev"
[    57.906] (II) Loading /usr/lib64/xorg/modules/drivers/fbdev_drv.so
[    57.914] (II) Module fbdev: vendor="X.Org Foundation"
[    57.914] 	compiled for 1.20.1, module version = 0.5.0
[    57.914] 	Module class: X.Org Video Driver
[    57.914] 	ABI class: X.Org Video Driver, version 24.0
[    57.914] (II) LoadModule: "vesa"
[    57.915] (II) Loading /usr/lib64/xorg/modules/drivers/vesa_drv.so
[    57.915] (II) Module vesa: vendor="X.Org Foundation"
[    57.915] 	compiled for 1.20.1, module version = 2.4.0
[    57.915] 	Module class: X.Org Video Driver
[    57.915] 	ABI class: X.Org Video Driver, version 24.0
[    57.915] (II) modesetting: Driver for Modesetting Kernel Drivers: kms
[    57.915] (II) FBDEV: driver for framebuffer: fbdev
[    57.915] (II) VESA: driver for VESA chipsets: vesa
[    57.915] (++) using VT number 6

[    57.964] (EE) open /dev/dri/card0: No such file or directory
[    57.964] (WW) Falling back to old probe method for modesetting
[    57.964] (EE) open /dev/dri/card0: No such file or directory
[    57.964] (II) Loading sub module "fbdevhw"
[    57.964] (II) LoadModule: "fbdevhw"
[    57.964] (II) Loading /usr/lib64/xorg/modules/libfbdevhw.so
[    57.977] (II) Module fbdevhw: vendor="X.Org Foundation"
[    57.977] 	compiled for 1.20.1, module version = 0.0.2
[    57.977] 	ABI class: X.Org Video Driver, version 24.0
[    57.977] (EE) Unable to find a valid framebuffer device
[    57.977] (WW) Falling back to old probe method for fbdev
[    57.977] (II) Loading sub module "fbdevhw"
[    57.977] (II) LoadModule: "fbdevhw"
[    57.977] (II) Loading /usr/lib64/xorg/modules/libfbdevhw.so
[    57.977] (II) Module fbdevhw: vendor="X.Org Foundation"
[    57.977] 	compiled for 1.20.1, module version = 0.0.2
[    57.977] 	ABI class: X.Org Video Driver, version 24.0
[    57.978] (II) FBDEV(2): using default device
[    57.978] vesa: Ignoring device with a bound kernel driver
[    57.978] (EE) Screen 0 deleted because of no matching config section.
[    57.978] (II) UnloadModule: "modesetting"
[    57.978] (EE) Screen 0 deleted because of no matching config section.
[    57.978] (II) UnloadModule: "fbdev"
[    57.978] (II) UnloadSubModule: "fbdevhw"
[    57.978] (EE) Screen 1 deleted because of no matching config section.
[    57.978] (II) UnloadModule: "vesa"
[    57.978] (II) FBDEV(0): Creating default Display subsection in Screen section
	"Default Screen Section" for depth/fbbpp 24/32
[    57.978] (==) FBDEV(0): Depth 24, (==) framebuffer bpp 32
[    57.978] (==) FBDEV(0): RGB weight 888
[    57.978] (==) FBDEV(0): Default visual is TrueColor
[    57.978] (==) FBDEV(0): Using gamma correction (1.0, 1.0, 1.0)
[    57.978] (II) FBDEV(0): hardware: hyperv_fb (video memory: 8192kB)
[    57.978] (DB) xf86MergeOutputClassOptions unsupported bus type 0
[    57.978] (II) FBDEV(0): checking modes against framebuffer device...
[    57.978] (II) FBDEV(0): checking modes against monitor...
[    57.978] (II) FBDEV(0): Virtual size is 1152x864 (pitch 1152)
[    57.978] (**) FBDEV(0):  Built-in mode "current"
[    57.978] (++) FBDEV(0): DPI set to (96, 96)
[    57.978] (II) Loading sub module "fb"
[    57.978] (II) LoadModule: "fb"
[    57.978] (II) Loading /usr/lib64/xorg/modules/libfb.so
[    57.990] (II) Module fb: vendor="X.Org Foundation"
[    57.990] 	compiled for 1.20.1, module version = 1.0.0
[    57.990] 	ABI class: X.Org ANSI C Emulation, version 0.4
[    57.990] (**) FBDEV(0): using shadow framebuffer
[    57.990] (II) Loading sub module "shadow"
[    57.990] (II) LoadModule: "shadow"
[    57.990] (II) Loading /usr/lib64/xorg/modules/libshadow.so
[    58.000] (II) Module shadow: vendor="X.Org Foundation"
[    58.000] 	compiled for 1.20.1, module version = 1.1.0
[    58.000] 	ABI class: X.Org ANSI C Emulation, version 0.4
[    58.021] (==) FBDEV(0): Backing store enabled
[    58.022] (==) FBDEV(0): DPMS enabled
[    58.022] (II) Initializing extension Generic Event Extension
[    58.022] (II) Initializing extension SHAPE
[    58.022] (II) Initializing extension MIT-SHM
[    58.022] (II) Initializing extension XInputExtension
[    58.022] (II) Initializing extension XTEST
[    58.022] (II) Initializing extension BIG-REQUESTS
[    58.022] (II) Initializing extension SYNC
[    58.022] (II) Initializing extension XKEYBOARD
[    58.022] (II) Initializing extension XC-MISC
[    58.022] (II) Initializing extension SECURITY
[    58.022] (II) Initializing extension XFIXES
[    58.022] (II) Initializing extension RENDER
[    58.022] (II) Initializing extension RANDR
[    58.022] (II) Initializing extension COMPOSITE
[    58.022] (II) Initializing extension DAMAGE
[    58.022] (II) Initializing extension MIT-SCREEN-SAVER
[    58.022] (II) Initializing extension DOUBLE-BUFFER
[    58.022] (II) Initializing extension RECORD
[    58.022] (II) Initializing extension DPMS
[    58.022] (II) Initializing extension Present
[    58.022] (II) Initializing extension DRI3
[    58.022] (II) Initializing extension X-Resource
[    58.022] (II) Initializing extension XVideo
[    58.022] (II) Initializing extension XVideo-MotionCompensation
[    58.022] (II) Initializing extension SELinux
[    58.023] (II) SELinux: Disabled by boolean
[    58.023] (II) Initializing extension GLX
[    58.023] (II) AIGLX: Screen 0 is not DRI2 capable
[    59.708] (II) IGLX: Loaded and initialized swrast
[    59.708] (II) GLX: Initialized DRISWRAST GL provider for screen 0
[    59.708] (II) Initializing extension XFree86-VidModeExtension
[    59.708] (II) Initializing extension XFree86-DGA
[    59.708] (II) Initializing extension XFree86-DRI
[    59.708] (II) Initializing extension DRI2
[    59.855] (II) config/udev: Adding input device Power Button (/dev/input/event0)
[    59.855] (**) Power Button: Applying InputClass "evdev keyboard catchall"
[    59.855] (II) LoadModule: "evdev"
[    59.855] (II) Loading /usr/lib64/xorg/modules/input/evdev_drv.so
[    59.893] (II) Module evdev: vendor="X.Org Foundation"
[    59.893] 	compiled for 1.20.1, module version = 2.10.6
[    59.893] 	Module class: X.Org XInput Driver
[    59.894] 	ABI class: X.Org XInput driver, version 24.1
[    59.894] (II) Using input driver 'evdev' for 'Power Button'
[    59.894] (**) Power Button: always reports core events
[    59.894] (**) evdev: Power Button: Device: "/dev/input/event0"
[    59.894] (--) evdev: Power Button: Vendor 0 Product 0x1
[    59.894] (--) evdev: Power Button: Found keys
[    59.894] (II) evdev: Power Button: Configuring as keyboard
[    59.894] (**) Option "config_info" "udev:/sys/devices/LNXSYSTM:00/LNXPWRBN:00/input/input0/event0"
[    59.894] (II) XINPUT: Adding extended input device "Power Button" (type: KEYBOARD, id 6)
[    59.894] (**) Option "xkb_rules" "evdev"
[    59.895] (II) config/udev: Adding input device AT Translated Set 2 keyboard (/dev/input/event4)
[    59.896] (**) AT Translated Set 2 keyboard: Applying InputClass "evdev keyboard catchall"
[    59.896] (II) Using input driver 'evdev' for 'AT Translated Set 2 keyboard'
[    59.896] (**) AT Translated Set 2 keyboard: always reports core events
[    59.896] (**) evdev: AT Translated Set 2 keyboard: Device: "/dev/input/event4"
[    59.896] (--) evdev: AT Translated Set 2 keyboard: Vendor 0x1 Product 0x1
[    59.896] (--) evdev: AT Translated Set 2 keyboard: Found keys
[    59.896] (II) evdev: AT Translated Set 2 keyboard: Configuring as keyboard
[    59.896] (**) Option "config_info" "udev:/sys/devices/LNXSYSTM:00/device:00/PNP0A03:00/device:08/VMBUS:01/d34b2567-b9b6-42b9-8778-0a4ec0b955bf/serio2/input/input4/event4"
[    59.896] (II) XINPUT: Adding extended input device "AT Translated Set 2 keyboard" (type: KEYBOARD, id 7)
[    59.896] (**) Option "xkb_rules" "evdev"
[    59.900] (II) config/udev: Adding input device AT Translated Set 2 keyboard (/dev/input/event1)
[    59.900] (**) AT Translated Set 2 keyboard: Applying InputClass "evdev keyboard catchall"
[    59.900] (II) Using input driver 'evdev' for 'AT Translated Set 2 keyboard'
[    59.900] (**) AT Translated Set 2 keyboard: always reports core events
[    59.900] (**) evdev: AT Translated Set 2 keyboard: Device: "/dev/input/event1"
[    59.900] (--) evdev: AT Translated Set 2 keyboard: Vendor 0x1 Product 0x1
[    59.900] (--) evdev: AT Translated Set 2 keyboard: Found keys
[    59.900] (II) evdev: AT Translated Set 2 keyboard: Configuring as keyboard
[    59.900] (**) Option "config_info" "udev:/sys/devices/platform/i8042/serio0/input/input1/event1"
[    59.900] (II) XINPUT: Adding extended input device "AT Translated Set 2 keyboard" (type: KEYBOARD, id 8)
[    59.900] (**) Option "xkb_rules" "evdev"
[    59.901] (II) config/udev: Adding input device TPPS/2 IBM TrackPoint (/dev/input/event2)
[    59.901] (**) TPPS/2 IBM TrackPoint: Applying InputClass "evdev pointer catchall"
[    59.901] (II) Using input driver 'evdev' for 'TPPS/2 IBM TrackPoint'
[    59.901] (**) TPPS/2 IBM TrackPoint: always reports core events
[    59.901] (**) evdev: TPPS/2 IBM TrackPoint: Device: "/dev/input/event2"
[    59.901] (--) evdev: TPPS/2 IBM TrackPoint: Vendor 0x2 Product 0xa
[    59.901] (--) evdev: TPPS/2 IBM TrackPoint: Found 3 mouse buttons
[    59.901] (--) evdev: TPPS/2 IBM TrackPoint: Found relative axes
[    59.901] (--) evdev: TPPS/2 IBM TrackPoint: Found x and y relative axes
[    59.901] (II) evdev: TPPS/2 IBM TrackPoint: Configuring as mouse
[    59.901] (**) evdev: TPPS/2 IBM TrackPoint: YAxisMapping: buttons 4 and 5
[    59.901] (**) evdev: TPPS/2 IBM TrackPoint: EmulateWheelButton: 4, EmulateWheelInertia: 10, EmulateWheelTimeout: 200
[    59.901] (**) Option "config_info" "udev:/sys/devices/platform/i8042/serio1/input/input2/event2"
[    59.901] (II) XINPUT: Adding extended input device "TPPS/2 IBM TrackPoint" (type: MOUSE, id 9)
[    59.901] (II) evdev: TPPS/2 IBM TrackPoint: initialized for relative axes.
[    59.901] (**) TPPS/2 IBM TrackPoint: (accel) keeping acceleration scheme 1
[    59.901] (**) TPPS/2 IBM TrackPoint: (accel) acceleration profile 0
[    59.902] (**) TPPS/2 IBM TrackPoint: (accel) acceleration factor: 2.000
[    59.902] (**) TPPS/2 IBM TrackPoint: (accel) acceleration threshold: 4
[    59.902] (II) config/udev: Adding input device TPPS/2 IBM TrackPoint (/dev/input/mouse0)
[    59.902] (II) No input driver specified, ignoring this device.
[    59.902] (II) This device may have been added with another device file.
[    59.903] (II) config/udev: Adding input device PC Speaker (/dev/input/event5)
[    59.903] (II) No input driver specified, ignoring this device.
[    59.903] (II) This device may have been added with another device file.
[    59.904] (II) config/udev: Adding input device Microsoft Vmbus HID-compliant Mouse (/dev/input/event3)
[    59.905] (**) Microsoft Vmbus HID-compliant Mouse: Applying InputClass "evdev pointer catchall"
[    59.905] (II) Using input driver 'evdev' for 'Microsoft Vmbus HID-compliant Mouse'
[    59.905] (**) Microsoft Vmbus HID-compliant Mouse: always reports core events
[    59.905] (**) evdev: Microsoft Vmbus HID-compliant Mouse: Device: "/dev/input/event3"
[    59.905] (--) evdev: Microsoft Vmbus HID-compliant Mouse: Vendor 0x45e Product 0x621
[    59.905] (--) evdev: Microsoft Vmbus HID-compliant Mouse: Found 9 mouse buttons
[    59.905] (--) evdev: Microsoft Vmbus HID-compliant Mouse: Found scroll wheel(s)
[    59.905] (--) evdev: Microsoft Vmbus HID-compliant Mouse: Found relative axes
[    59.905] (--) evdev: Microsoft Vmbus HID-compliant Mouse: Found absolute axes
[    59.905] (--) evdev: Microsoft Vmbus HID-compliant Mouse: Found x and y absolute axes
[    59.905] (--) evdev: Microsoft Vmbus HID-compliant Mouse: Found absolute touchscreen
[    59.905] (II) evdev: Microsoft Vmbus HID-compliant Mouse: Configuring as touchscreen
[    59.905] (II) evdev: Microsoft Vmbus HID-compliant Mouse: Adding scrollwheel support
[    59.905] (**) evdev: Microsoft Vmbus HID-compliant Mouse: YAxisMapping: buttons 4 and 5
[    59.905] (**) evdev: Microsoft Vmbus HID-compliant Mouse: EmulateWheelButton: 4, EmulateWheelInertia: 10, EmulateWheelTimeout: 200
[    59.905] (**) Option "config_info" "udev:/sys/devices/virtual/input/input3/event3"
[    59.905] (II) XINPUT: Adding extended input device "Microsoft Vmbus HID-compliant Mouse" (type: TOUCHSCREEN, id 10)
[    59.905] (WW) evdev: Microsoft Vmbus HID-compliant Mouse: touchpads, tablets and touchscreens ignore relative axes.
[    59.905] (II) evdev: Microsoft Vmbus HID-compliant Mouse: initialized for absolute axes.
[    59.905] (**) Microsoft Vmbus HID-compliant Mouse: (accel) keeping acceleration scheme 1
[    59.905] (**) Microsoft Vmbus HID-compliant Mouse: (accel) acceleration profile 0
[    59.905] (**) Microsoft Vmbus HID-compliant Mouse: (accel) acceleration factor: 2.000
[    59.905] (**) Microsoft Vmbus HID-compliant Mouse: (accel) acceleration threshold: 4
[    59.906] (II) config/udev: Adding input device Microsoft Vmbus HID-compliant Mouse (/dev/input/js0)
[    59.906] (II) No input driver specified, ignoring this device.
[    59.906] (II) This device may have been added with another device file.
[    59.907] (II) config/udev: Adding input device Microsoft Vmbus HID-compliant Mouse (/dev/input/mouse1)
[    59.907] (II) No input driver specified, ignoring this device.
[    59.907] (II) This device may have been added with another device file.
