Apr 13 01:33:47 Installed: epel-release-7-11.noarch
Apr 13 01:35:45 Updated: libgcc-4.8.5-36.el7_6.1.x86_64
Apr 13 01:35:46 Updated: 1:grub2-common-2.02-0.76.el7.centos.1.noarch
Apr 13 01:35:47 Updated: 1:grub2-pc-modules-2.02-0.76.el7.centos.1.noarch
Apr 13 01:35:47 Updated: 32:bind-license-9.9.4-73.el7_6.noarch
Apr 13 01:35:48 Updated: tzdata-2019a-1.el7.noarch
Apr 13 01:35:56 Updated: glibc-common-2.17-260.el7_6.4.x86_64
Apr 13 01:35:58 Updated: glibc-2.17-260.el7_6.4.x86_64
Apr 13 01:35:58 Updated: systemd-libs-219-62.el7_6.5.x86_64
Apr 13 01:35:58 Updated: nss-util-3.36.0-1.1.el7_6.x86_64
Apr 13 01:35:59 Updated: libuuid-2.23.2-59.el7_6.1.x86_64
Apr 13 01:35:59 Updated: libblkid-2.23.2-59.el7_6.1.x86_64
Apr 13 01:35:59 Updated: krb5-libs-1.15.1-37.el7_6.x86_64
Apr 13 01:35:59 Updated: 1:openssl-libs-1.0.2k-16.el7_6.1.x86_64
Apr 13 01:36:00 Updated: 2:shadow-utils-4.1.5.1-25.el7_6.1.x86_64
Apr 13 01:36:04 Updated: python-libs-2.7.5-77.el7_6.x86_64
Apr 13 01:36:04 Updated: python-2.7.5-77.el7_6.x86_64
Apr 13 01:36:04 Updated: libmount-2.23.2-59.el7_6.1.x86_64
Apr 13 01:36:04 Updated: python-perf-3.10.0-957.10.1.el7.x86_64
Apr 13 01:36:04 Updated: nss-sysinit-3.36.0-7.1.el7_6.x86_64
Apr 13 01:36:05 Updated: nss-3.36.0-7.1.el7_6.x86_64
Apr 13 01:36:05 Updated: nss-pem-1.0.3-5.el7_6.1.x86_64
Apr 13 01:36:05 Updated: 1:NetworkManager-libnm-1.12.0-10.el7_6.x86_64
Apr 13 01:36:06 Updated: nss-tools-3.36.0-7.1.el7_6.x86_64
Apr 13 01:36:06 Updated: 1:dbus-libs-1.10.24-13.el7_6.x86_64
Apr 13 01:36:11 Updated: systemd-219-62.el7_6.5.x86_64
Apr 13 01:36:12 Updated: 1:dbus-1.10.24-13.el7_6.x86_64
Apr 13 01:36:12 Updated: polkit-0.112-18.el7_6.1.x86_64
Apr 13 01:36:14 Updated: 1:NetworkManager-1.12.0-10.el7_6.x86_64
Apr 13 01:36:14 Updated: cronie-anacron-1.4.11-20.el7_6.x86_64
Apr 13 01:36:14 Updated: cronie-1.4.11-20.el7_6.x86_64
Apr 13 01:36:15 Updated: ipset-libs-6.38-3.el7_6.x86_64
Apr 13 01:36:15 Updated: libsmartcols-2.23.2-59.el7_6.1.x86_64
Apr 13 01:36:17 Updated: util-linux-2.23.2-59.el7_6.1.x86_64
Apr 13 01:36:18 Updated: policycoreutils-2.5-29.el7_6.1.x86_64
Apr 13 01:36:18 Updated: 7:device-mapper-libs-1.02.149-10.el7_6.3.x86_64
Apr 13 01:36:18 Updated: 7:device-mapper-1.02.149-10.el7_6.3.x86_64
Apr 13 01:36:19 Updated: 7:device-mapper-event-libs-1.02.149-10.el7_6.3.x86_64
Apr 13 01:36:19 Updated: 1:grub2-tools-minimal-2.02-0.76.el7.centos.1.x86_64
Apr 13 01:36:20 Updated: 1:grub2-tools-2.02-0.76.el7.centos.1.x86_64
Apr 13 01:36:20 Updated: 7:device-mapper-event-1.02.149-10.el7_6.3.x86_64
Apr 13 01:36:21 Updated: 7:lvm2-libs-2.02.180-10.el7_6.3.x86_64
Apr 13 01:36:34 Updated: selinux-policy-3.13.1-229.el7_6.9.noarch
Apr 13 01:36:34 Updated: freetype-2.8-12.el7_6.1.x86_64
Apr 13 01:36:35 Updated: 1:grub2-tools-extra-2.02-0.76.el7.centos.1.x86_64
Apr 13 01:36:35 Updated: 1:grub2-pc-2.02-0.76.el7.centos.1.x86_64
Apr 13 01:36:35 Updated: kernel-tools-libs-3.10.0-957.10.1.el7.x86_64
Apr 13 01:36:35 Updated: kernel-tools-3.10.0-957.10.1.el7.x86_64
Apr 13 01:36:35 Updated: 1:grub2-2.02-0.76.el7.centos.1.x86_64
Apr 13 01:36:54 Updated: selinux-policy-targeted-3.13.1-229.el7_6.9.noarch
Apr 13 01:36:55 Updated: 7:lvm2-2.02.180-10.el7_6.3.x86_64
Apr 13 01:36:55 Updated: tuned-2.10.0-6.el7_6.3.noarch
Apr 13 01:36:55 Updated: ipset-6.38-3.el7_6.x86_64
Apr 13 01:36:56 Updated: 1:NetworkManager-tui-1.12.0-10.el7_6.x86_64
Apr 13 01:36:56 Updated: 1:NetworkManager-team-1.12.0-10.el7_6.x86_64
Apr 13 01:36:56 Updated: 1:NetworkManager-wifi-1.12.0-10.el7_6.x86_64
Apr 13 01:36:56 Updated: systemd-sysv-219-62.el7_6.5.x86_64
Apr 13 01:36:56 Updated: openldap-2.4.44-21.el7_6.x86_64
Apr 13 01:36:56 Updated: 1:openssl-1.0.2k-16.el7_6.1.x86_64
Apr 13 01:36:56 Updated: libssh2-1.4.3-12.el7_6.2.x86_64
Apr 13 01:36:56 Updated: 32:bind-libs-lite-9.9.4-73.el7_6.x86_64
Apr 13 01:36:57 Updated: xfsprogs-4.5.0-19.el7_6.x86_64
Apr 13 01:36:57 Updated: libgomp-4.8.5-36.el7_6.1.x86_64
Apr 13 01:36:57 Updated: libstdc++-4.8.5-36.el7_6.1.x86_64
Apr 13 01:37:09 Installed: kernel-3.10.0-957.10.1.el7.x86_64
Apr 13 03:39:59 Installed: python2-pyasn1-0.1.9-7.el7.noarch
Apr 13 03:39:59 Installed: python-ipaddress-1.0.16-2.el7.noarch
Apr 13 03:39:59 Installed: python-six-1.9.0-2.el7.noarch
Apr 13 03:39:59 Installed: python-httplib2-0.9.2-1.el7.noarch
Apr 13 03:39:59 Installed: python-enum34-1.0.4-1.el7.noarch
Apr 13 03:39:59 Installed: libyaml-0.1.4-11.el7_0.x86_64
Apr 13 03:39:59 Installed: PyYAML-3.10-11.el7.x86_64
Apr 13 03:39:59 Installed: libtommath-0.42.0-6.el7.x86_64
Apr 13 03:39:59 Installed: libtomcrypt-1.17-26.el7.x86_64
Apr 13 03:40:00 Installed: python2-crypto-2.6.1-16.el7.x86_64
Apr 13 03:40:00 Installed: python-keyczar-0.71c-2.el7.noarch
Apr 13 03:40:00 Installed: python-backports-1.0-8.el7.x86_64
Apr 13 03:40:00 Installed: python-backports-ssl_match_hostname-3.5.0.1-1.el7.noarch
Apr 13 03:40:01 Installed: python-setuptools-0.9.8-7.el7.noarch
Apr 13 03:40:02 Installed: python-babel-0.9.6-8.el7.noarch
Apr 13 03:40:02 Installed: python-ply-3.4-11.el7.noarch
Apr 13 03:40:02 Installed: python-pycparser-2.14-1.el7.noarch
Apr 13 03:40:02 Installed: python-cffi-1.6.0-5.el7.x86_64
Apr 13 03:40:02 Installed: python-markupsafe-0.11-10.el7.x86_64
Apr 13 03:40:03 Installed: python-jinja2-2.7.2-2.el7.noarch
Apr 13 03:40:03 Installed: python-idna-2.4-1.el7.noarch
Apr 13 03:40:03 Installed: python2-cryptography-1.7.2-2.el7.x86_64
Apr 13 03:40:04 Installed: python-paramiko-2.1.1-9.el7.noarch
Apr 13 03:40:04 Installed: sshpass-1.06-2.el7.x86_64
Apr 13 03:40:04 Installed: python2-jmespath-0.9.0-3.el7.noarch
Apr 13 03:40:18 Installed: ansible-2.7.10-1.el7.noarch
Apr 13 04:50:28 Installed: centos-indexhtml-7-9.el7.centos.noarch
Apr 13 04:50:28 Installed: lynx-2.8.8-0.3.dev15.el7.x86_64
Apr 13 04:56:35 Installed: 1:telnet-0.17-64.el7.x86_64
Apr 13 13:02:06 Installed: python-chardet-2.2.1-1.el7_1.noarch
Apr 13 13:02:07 Installed: python-kitchen-1.1.1-5.el7.noarch
Apr 13 13:02:07 Installed: libxml2-python-2.9.1-6.el7_2.3.x86_64
Apr 13 13:02:07 Installed: yum-utils-1.1.31-50.el7.noarch
Apr 14 04:28:08 Installed: apr-1.4.8-3.el7_4.1.x86_64
Apr 14 04:28:08 Installed: apr-util-1.5.2-6.el7.x86_64
Apr 14 04:28:08 Installed: httpd-tools-2.4.6-88.el7.centos.x86_64
Apr 14 04:28:08 Installed: mailcap-2.1.41-2.el7.noarch
Apr 14 04:28:09 Installed: httpd-2.4.6-88.el7.centos.x86_64
